<?xml version="1.0" encoding="UTF-8"?>
<!-- Generated by org.testng.reporters.JUnitReportReporter -->
<testsuite skipped="0" hostname="DESKTOP-C8SKF8K" name="com.training.sanity.tests.RTTC_038RetailAddCategory" tests="1" failures="0" timestamp="19 May 2020 12:56:17 GMT" time="19.870" errors="0">
  <testcase name="testMethod" time="19.870" classname="com.training.sanity.tests.RTTC_038RetailAddCategory"/>
</testsuite> <!-- com.training.sanity.tests.RTTC_038RetailAddCategory -->
