<?xml version="1.0" encoding="UTF-8"?>
<!-- Generated by org.testng.reporters.JUnitReportReporter -->
<testsuite skipped="0" hostname="DESKTOP-C8SKF8K" name="com.training.sanity.tests.RTTC_040RetailDeleteCategory" tests="1" failures="0" timestamp="19 May 2020 15:07:19 GMT" time="46.635" errors="0">
  <testcase name="testMethod" time="46.635" classname="com.training.sanity.tests.RTTC_040RetailDeleteCategory"/>
</testsuite> <!-- com.training.sanity.tests.RTTC_040RetailDeleteCategory -->
