<?xml version="1.0" encoding="UTF-8"?>
<!-- Generated by org.testng.reporters.JUnitReportReporter -->
<testsuite skipped="0" hostname="DESKTOP-C8SKF8K" name="com.training.sanity.tests.RTTC_039RetailEditCategory" tests="1" failures="0" timestamp="19 May 2020 14:27:29 GMT" time="19.387" errors="0">
  <testcase name="testMethod" time="19.387" classname="com.training.sanity.tests.RTTC_039RetailEditCategory"/>
</testsuite> <!-- com.training.sanity.tests.RTTC_039RetailEditCategory -->
